<?xml version="1.0" encoding="UTF-8"?>
<!-- Generated by org.testng.reporters.JUnitReportReporter -->
<testsuite skipped="6" hostname="DESKTOP-ACFHNHV" name="com.nopcommerce.users.Level_07_Register_Login_Page_Rest_Parameter" tests="7" failures="0" timestamp="08 Oct 2020 08:38:17 GMT" time="0.000" errors="1">
  <testcase name="TC_02_Log_In" time="0.000" classname="com.nopcommerce.users.Level_07_Register_Login_Page_Rest_Parameter">
    <skipped/>
  </testcase> <!-- TC_02_Log_In -->
  <testcase name="TC_04_Rest_Parameter_Solution_2" time="0.000" classname="com.nopcommerce.users.Level_07_Register_Login_Page_Rest_Parameter">
    <skipped/>
  </testcase> <!-- TC_04_Rest_Parameter_Solution_2 -->
  <testcase name="TC_04_Switch_Page" time="0.000" classname="com.nopcommerce.users.Level_07_Register_Login_Page_Rest_Parameter">
    <skipped/>
  </testcase> <!-- TC_04_Switch_Page -->
  <testcase name="TC_03_My_Account" time="0.000" classname="com.nopcommerce.users.Level_07_Register_Login_Page_Rest_Parameter">
    <skipped/>
  </testcase> <!-- TC_03_My_Account -->
  <testcase name="TC_04_Rest_Parameter_Solution_1" time="0.000" classname="com.nopcommerce.users.Level_07_Register_Login_Page_Rest_Parameter">
    <skipped/>
  </testcase> <!-- TC_04_Rest_Parameter_Solution_1 -->
  <testcase name="TC_01_Register" time="0.000" classname="com.nopcommerce.users.Level_07_Register_Login_Page_Rest_Parameter">
    <skipped/>
  </testcase> <!-- TC_01_Register -->
  <testcase name="beforeClass" time="0.000" classname="com.nopcommerce.users.Level_07_Register_Login_Page_Rest_Parameter">
    <error type="org.testng.TestNGException" message="
Method beforeClass requires 1 parameters but 2 were supplied in the BeforeClass annotation.">
      <![CDATA[org.testng.TestNGException: 
Method beforeClass requires 1 parameters but 2 were supplied in the BeforeClass annotation.
at org.testng.internal.Parameters.checkParameterTypes(Parameters.java:415)
at org.testng.internal.Parameters.createParametersForMethod(Parameters.java:356)
at org.testng.internal.Parameters.createParameters(Parameters.java:620)
at org.testng.internal.Parameters.createConfigurationParameters(Parameters.java:190)
at org.testng.internal.Invoker.invokeConfigurations(Invoker.java:209)
at org.testng.internal.Invoker.invokeConfigurations(Invoker.java:142)
at org.testng.internal.TestMethodWorker.invokeBeforeClassMethods(TestMethodWorker.java:168)
at org.testng.internal.TestMethodWorker.run(TestMethodWorker.java:105)
at org.testng.TestRunner.privateRun(TestRunner.java:648)
at org.testng.TestRunner.run(TestRunner.java:505)
at org.testng.SuiteRunner.runTest(SuiteRunner.java:455)
at org.testng.SuiteRunner.runSequentially(SuiteRunner.java:450)
at org.testng.SuiteRunner.privateRun(SuiteRunner.java:415)
at org.testng.SuiteRunner.run(SuiteRunner.java:364)
at org.testng.SuiteRunnerWorker.runSuite(SuiteRunnerWorker.java:52)
at org.testng.SuiteRunnerWorker.run(SuiteRunnerWorker.java:84)
at org.testng.TestNG.runSuitesSequentially(TestNG.java:1208)
at org.testng.TestNG.runSuitesLocally(TestNG.java:1137)
at org.testng.TestNG.runSuites(TestNG.java:1049)
at org.testng.TestNG.run(TestNG.java:1017)
at org.testng.remote.AbstractRemoteTestNG.run(AbstractRemoteTestNG.java:115)
at org.testng.remote.RemoteTestNG.initAndRun(RemoteTestNG.java:251)
at org.testng.remote.RemoteTestNG.main(RemoteTestNG.java:77)
]]>
    </error>
  </testcase> <!-- beforeClass -->
</testsuite> <!-- com.nopcommerce.users.Level_07_Register_Login_Page_Rest_Parameter -->
